<?xml version="1.0" encoding="UTF-8"?>
<testng-results ignored="0" total="1" passed="1" failed="0" skipped="0">
  <reporter-output>
  </reporter-output>
  <suite started-at="2023-04-14T06:19:22Z" name="Suite" finished-at="2023-04-14T06:19:26Z" duration-ms="3699">
    <groups>
    </groups>
    <test started-at="2023-04-14T06:19:22Z" name="Test" finished-at="2023-04-14T06:19:26Z" duration-ms="3699">
      <class name="TS_package.TestCase1">
        <test-method signature="testcase1_1()[pri:0, instance:TS_package.TestCase1@1838ccb8]" started-at="2023-04-14T06:19:22Z" name="testcase1_1" finished-at="2023-04-14T06:19:26Z" duration-ms="3671" status="PASS">
          <reporter-output>
          </reporter-output>
        </test-method> <!-- testcase1_1 -->
      </class> <!-- TS_package.TestCase1 -->
    </test> <!-- Test -->
  </suite> <!-- Suite -->
</testng-results>
