<?xml version="1.0" encoding="UTF-8"?>
<testng-results ignored="0" total="1" passed="1" failed="0" skipped="0">
  <reporter-output>
  </reporter-output>
  <suite started-at="2023-04-14T06:22:30Z" name="Default suite" finished-at="2023-04-14T06:23:55Z" duration-ms="84967">
    <groups>
    </groups>
    <test started-at="2023-04-14T06:22:30Z" name="Default test" finished-at="2023-04-14T06:23:55Z" duration-ms="84967">
      <class name="TS_package.TestCase1">
        <test-method signature="testcase1_1()[pri:0, instance:TS_package.TestCase1@176b75f7]" started-at="2023-04-14T06:22:30Z" name="testcase1_1" finished-at="2023-04-14T06:23:55Z" duration-ms="84929" status="PASS">
          <reporter-output>
          </reporter-output>
        </test-method> <!-- testcase1_1 -->
      </class> <!-- TS_package.TestCase1 -->
    </test> <!-- Default test -->
  </suite> <!-- Default suite -->
</testng-results>
